<?xml version="1.0" encoding="UTF-8"?>
<!-- Generated by org.testng.reporters.JUnitXMLReporter -->
<testsuite ignored="0" hostname="DESKTOP-CLES7L2" failures="1" tests="5" name="Test" time="53.699" errors="0" timestamp="2023-01-17T17:52:12 IST">
  <testcase classname="AllTestCase.MainPageTestcases" name="MainPage" time="26.219"/>
  <testcase classname="AllTestCase.LoginTestcases" name="LoginTesting" time="0.837">
    <failure type="java.lang.AssertionError" message="The following asserts failed:
	expected [Warning: Your account has exceeded allowed number of login attempts. Please try again in 1 hour.] but found [Warning: No match for E-Mail Address and/or Password.]">
      <![CDATA[java.lang.AssertionError: The following asserts failed:
expected [Warning: Your account has exceeded allowed number of login attempts. Please try again in 1 hour.] but found [Warning: No match for E-Mail Address and/or Password.]
at NewResources.CommonMethods.SoftAssert(CommonMethods.java:41)
at AllTestCase.LoginTestcases.LoginTesting(LoginTestcases.java:28)
at java.base/java.util.ArrayList.forEach(ArrayList.java:1511)
... Removed 29 stack frames]]>
    </failure>
  </testcase> <!-- LoginTesting -->
  <testcase classname="AllTestCase.RegisterTestcases" name="RegisterPage" time="1.301"/>
  <testcase classname="AllTestCase.AddCartTestcases" name="iphoneCart" time="4.445"/>
  <testcase classname="AllTestCase.FooterTestCases" name="FooterPage" time="4.032"/>
</testsuite> <!-- Test -->
