<?xml version="1.0" encoding="UTF-8"?>
<testng-results ignored="0" total="1" passed="1" failed="0" skipped="0">
  <reporter-output>
  </reporter-output>
  <suite started-at="2023-01-17T18:57:17 IST" name="Default suite" finished-at="2023-01-17T18:57:33 IST" duration-ms="16194">
    <groups>
    </groups>
    <test started-at="2023-01-17T18:57:17 IST" name="Default test" finished-at="2023-01-17T18:57:33 IST" duration-ms="16194">
      <class name="AllTestCase.LoginTestcases">
        <test-method is-config="true" signature="BrowserOpen()[pri:0, instance:AllTestCase.LoginTestcases@c33b74f]" started-at="2023-01-17T18:57:17 IST" name="BrowserOpen" finished-at="2023-01-17T18:57:30 IST" duration-ms="12788" status="PASS">
          <reporter-output>
          </reporter-output>
        </test-method> <!-- BrowserOpen -->
        <test-method signature="LoginTesting()[pri:0, instance:AllTestCase.LoginTestcases@c33b74f]" started-at="2023-01-17T18:57:30 IST" name="LoginTesting" finished-at="2023-01-17T18:57:33 IST" duration-ms="3373" status="PASS">
          <reporter-output>
          </reporter-output>
        </test-method> <!-- LoginTesting -->
      </class> <!-- AllTestCase.LoginTestcases -->
    </test> <!-- Default test -->
  </suite> <!-- Default suite -->
</testng-results>
